This file contains any messages produced by compilers while
running configure, to aid debugging if configure makes a mistake.

It was created by bmake configure 2010505, which was
generated by GNU Autoconf 2.69.  Invocation command line was

  $ ./configure --prefix=/usr/pkg --with-default-sys-path=/usr/pkg/share/mk --sysconfdir=/usr/pkg/etc --prefix=/usr/pkg --build=i386-elf32-minix --host=i386-elf32-minix --mandir=/usr/pkg/man

## --------- ##
## Platform. ##
## --------- ##

hostname = minix
uname -m = i386
uname -r = 3.4.0
uname -s = Minix
uname -v = Minix 3.4.0 (GENERIC)

/usr/bin/uname -p = i386
/bin/uname -X     = unknown

/bin/arch              = unknown
/usr/bin/arch -k       = unknown
/usr/convex/getsysinfo = unknown
/usr/bin/hostinfo      = unknown
/bin/machine           = unknown
/usr/bin/oslevel       = unknown
/bin/universe          = unknown

PATH: /usr/src/pkgsrc/work/devel/bmake/work/.wrapper/bin
PATH: /usr/src/pkgsrc/work/devel/bmake/work/.buildlink/bin
PATH: /usr/src/pkgsrc/work/devel/bmake/work/.tools/bin
PATH: /usr/pkg/bin
PATH: /sbin
PATH: /usr/sbin
PATH: /bin
PATH: /usr/bin
PATH: /usr/pkg/sbin
PATH: /usr/pkg/bin
PATH: /usr/X11R7/bin
PATH: /usr/X11R6/bin
PATH: /usr/local/sbin
PATH: /usr/local/bin
PATH: /usr/pkg/bin
PATH: /usr/X11R7/bin


## ----------- ##
## Core tests. ##
## ----------- ##

configure:2361: checking for i386-elf32-minix-gcc
configure:2388: result: clang
configure:2657: checking for C compiler version
configure:2666: clang --version >&5
clang version 3.6 (branches/release_36 237755)
Target: i386-elf32-minix
Thread model: posix
configure:2677: $? = 0
configure:2666: clang -v >&5
clang version 3.6 (branches/release_36 237755)
Target: i386-elf32-minix
Thread model: posix
configure:2677: $? = 0
configure:2666: clang -V >&5
clang: error: unsupported option '-V -Qunused-arguments'
clang: error: no input files
configure:2677: $? = 1
configure:2666: clang -qversion >&5
clang: error: unknown argument: '-qversion'
clang: error: no input files
configure:2677: $? = 1
configure:2697: checking whether the C compiler works
configure:2719: clang -Wno-error -march=i586 -DHAVE_NBCOMPAT_H=1 -I/usr/src/pkgsrc/work/devel/bmake/work/libnbcompat -L/usr/src/pkgsrc/work/devel/bmake/work/libnbcompat -Wl,-rpath,/usr/pkg/lib conftest.c -lnbcompat >&5
configure:2723: $? = 0
configure:2771: result: yes
configure:2774: checking for C compiler default output file name
configure:2776: result: a.out
configure:2782: checking for suffix of executables
configure:2789: clang -o conftest -Wno-error -march=i586 -DHAVE_NBCOMPAT_H=1 -I/usr/src/pkgsrc/work/devel/bmake/work/libnbcompat -L/usr/src/pkgsrc/work/devel/bmake/work/libnbcompat -Wl,-rpath,/usr/pkg/lib conftest.c -lnbcompat >&5
configure:2793: $? = 0
configure:2815: result: 
configure:2837: checking whether we are cross compiling
configure:2845: clang -o conftest -Wno-error -march=i586 -DHAVE_NBCOMPAT_H=1 -I/usr/src/pkgsrc/work/devel/bmake/work/libnbcompat -L/usr/src/pkgsrc/work/devel/bmake/work/libnbcompat -Wl,-rpath,/usr/pkg/lib conftest.c -lnbcompat >&5
configure:2849: $? = 0
configure:2856: ./conftest
configure:2860: $? = 0
configure:2875: result: no
configure:2880: checking for suffix of object files
configure:2902: clang -c -Wno-error -march=i586 -DHAVE_NBCOMPAT_H=1 -I/usr/src/pkgsrc/work/devel/bmake/work/libnbcompat conftest.c >&5
configure:2906: $? = 0
configure:2927: result: o
configure:2931: checking whether we are using the GNU C compiler
configure:2950: clang -c -Wno-error -march=i586 -DHAVE_NBCOMPAT_H=1 -I/usr/src/pkgsrc/work/devel/bmake/work/libnbcompat conftest.c >&5
configure:2950: $? = 0
configure:2959: result: yes
configure:2968: checking whether clang accepts -g
configure:2988: clang -c -g -DHAVE_NBCOMPAT_H=1 -I/usr/src/pkgsrc/work/devel/bmake/work/libnbcompat conftest.c >&5
configure:2988: $? = 0
configure:3029: result: yes
configure:3046: checking for clang option to accept ISO C89
configure:3109: clang  -c -Wno-error -march=i586 -DHAVE_NBCOMPAT_H=1 -I/usr/src/pkgsrc/work/devel/bmake/work/libnbcompat conftest.c >&5
configure:3109: $? = 0
configure:3122: result: none needed
configure:3148: checking how to run the C preprocessor
configure:3179: clang -E -DHAVE_NBCOMPAT_H=1 -I/usr/src/pkgsrc/work/devel/bmake/work/libnbcompat conftest.c
configure:3179: $? = 0
configure:3193: clang -E -DHAVE_NBCOMPAT_H=1 -I/usr/src/pkgsrc/work/devel/bmake/work/libnbcompat conftest.c
conftest.c:9:10: fatal error: 'ac_nonexistent.h' file not found
#include <ac_nonexistent.h>
         ^
1 error generated.
configure:3193: $? = 1
configure: failed program was:
| /* confdefs.h */
| #define PACKAGE_NAME "bmake"
| #define PACKAGE_TARNAME "bmake"
| #define PACKAGE_VERSION "2010505"
| #define PACKAGE_STRING "bmake 2010505"
| #define PACKAGE_BUGREPORT "sjg@NetBSD.org"
| #define PACKAGE_URL ""
| /* end confdefs.h.  */
| #include <ac_nonexistent.h>
configure:3218: result: clang -E
configure:3238: clang -E -DHAVE_NBCOMPAT_H=1 -I/usr/src/pkgsrc/work/devel/bmake/work/libnbcompat conftest.c
configure:3238: $? = 0
configure:3252: clang -E -DHAVE_NBCOMPAT_H=1 -I/usr/src/pkgsrc/work/devel/bmake/work/libnbcompat conftest.c
conftest.c:9:10: fatal error: 'ac_nonexistent.h' file not found
#include <ac_nonexistent.h>
         ^
1 error generated.
configure:3252: $? = 1
configure: failed program was:
| /* confdefs.h */
| #define PACKAGE_NAME "bmake"
| #define PACKAGE_TARNAME "bmake"
| #define PACKAGE_VERSION "2010505"
| #define PACKAGE_STRING "bmake 2010505"
| #define PACKAGE_BUGREPORT "sjg@NetBSD.org"
| #define PACKAGE_URL ""
| /* end confdefs.h.  */
| #include <ac_nonexistent.h>
configure:3281: checking for grep that handles long lines and -e
configure:3339: result: /usr/bin/grep
configure:3344: checking for egrep
configure:3406: result: /usr/bin/egrep
configure:3411: checking for ANSI C header files
configure:3431: clang -c -Wno-error -march=i586 -DHAVE_NBCOMPAT_H=1 -I/usr/src/pkgsrc/work/devel/bmake/work/libnbcompat conftest.c >&5
configure:3431: $? = 0
configure:3504: clang -o conftest -Wno-error -march=i586 -DHAVE_NBCOMPAT_H=1 -I/usr/src/pkgsrc/work/devel/bmake/work/libnbcompat -L/usr/src/pkgsrc/work/devel/bmake/work/libnbcompat -Wl,-rpath,/usr/pkg/lib conftest.c -lnbcompat >&5
configure:3504: $? = 0
configure:3504: ./conftest
configure:3504: $? = 0
configure:3515: result: yes
configure:3528: checking for sys/types.h
configure:3528: clang -c -Wno-error -march=i586 -DHAVE_NBCOMPAT_H=1 -I/usr/src/pkgsrc/work/devel/bmake/work/libnbcompat conftest.c >&5
configure:3528: $? = 0
configure:3528: result: yes
configure:3528: checking for sys/stat.h
configure:3528: clang -c -Wno-error -march=i586 -DHAVE_NBCOMPAT_H=1 -I/usr/src/pkgsrc/work/devel/bmake/work/libnbcompat conftest.c >&5
configure:3528: $? = 0
configure:3528: result: yes
configure:3528: checking for stdlib.h
configure:3528: clang -c -Wno-error -march=i586 -DHAVE_NBCOMPAT_H=1 -I/usr/src/pkgsrc/work/devel/bmake/work/libnbcompat conftest.c >&5
configure:3528: $? = 0
configure:3528: result: yes
configure:3528: checking for string.h
configure:3528: clang -c -Wno-error -march=i586 -DHAVE_NBCOMPAT_H=1 -I/usr/src/pkgsrc/work/devel/bmake/work/libnbcompat conftest.c >&5
configure:3528: $? = 0
configure:3528: result: yes
configure:3528: checking for memory.h
configure:3528: clang -c -Wno-error -march=i586 -DHAVE_NBCOMPAT_H=1 -I/usr/src/pkgsrc/work/devel/bmake/work/libnbcompat conftest.c >&5
configure:3528: $? = 0
configure:3528: result: yes
configure:3528: checking for strings.h
configure:3528: clang -c -Wno-error -march=i586 -DHAVE_NBCOMPAT_H=1 -I/usr/src/pkgsrc/work/devel/bmake/work/libnbcompat conftest.c >&5
configure:3528: $? = 0
configure:3528: result: yes
configure:3528: checking for inttypes.h
configure:3528: clang -c -Wno-error -march=i586 -DHAVE_NBCOMPAT_H=1 -I/usr/src/pkgsrc/work/devel/bmake/work/libnbcompat conftest.c >&5
configure:3528: $? = 0
configure:3528: result: yes
configure:3528: checking for stdint.h
configure:3528: clang -c -Wno-error -march=i586 -DHAVE_NBCOMPAT_H=1 -I/usr/src/pkgsrc/work/devel/bmake/work/libnbcompat conftest.c >&5
configure:3528: $? = 0
configure:3528: result: yes
configure:3528: checking for unistd.h
configure:3528: clang -c -Wno-error -march=i586 -DHAVE_NBCOMPAT_H=1 -I/usr/src/pkgsrc/work/devel/bmake/work/libnbcompat conftest.c >&5
configure:3528: $? = 0
configure:3528: result: yes
configure:3541: checking minix/config.h usability
configure:3541: clang -c -Wno-error -march=i586 -DHAVE_NBCOMPAT_H=1 -I/usr/src/pkgsrc/work/devel/bmake/work/libnbcompat conftest.c >&5
configure:3541: $? = 0
configure:3541: result: yes
configure:3541: checking minix/config.h presence
configure:3541: clang -E -DHAVE_NBCOMPAT_H=1 -I/usr/src/pkgsrc/work/devel/bmake/work/libnbcompat conftest.c
configure:3541: $? = 0
configure:3541: result: yes
configure:3541: checking for minix/config.h
configure:3541: result: yes
configure:3562: checking whether it is safe to define __EXTENSIONS__
configure:3580: clang -c -Wno-error -march=i586 -DHAVE_NBCOMPAT_H=1 -I/usr/src/pkgsrc/work/devel/bmake/work/libnbcompat conftest.c >&5
configure:3580: $? = 0
configure:3587: result: yes
configure:3609: checking for i386-elf32-minix-gcc
configure:3636: result: clang
configure:3905: checking for C compiler version
configure:3914: clang --version >&5
clang version 3.6 (branches/release_36 237755)
Target: i386-elf32-minix
Thread model: posix
configure:3925: $? = 0
configure:3914: clang -v >&5
clang version 3.6 (branches/release_36 237755)
Target: i386-elf32-minix
Thread model: posix
configure:3925: $? = 0
configure:3914: clang -V >&5
clang: error: unsupported option '-V -Qunused-arguments'
clang: error: no input files
configure:3925: $? = 1
configure:3914: clang -qversion >&5
clang: error: unknown argument: '-qversion'
clang: error: no input files
configure:3925: $? = 1
configure:3929: checking whether we are using the GNU C compiler
configure:3957: result: yes
configure:3966: checking whether clang accepts -g
configure:4027: result: yes
configure:4044: checking for clang option to accept ISO C89
configure:4120: result: none needed
configure:4141: checking whether clang needs -traditional
conftest.c:27:10: fatal error: 'termio.h' file not found
#include <termio.h>
         ^
1 error generated.
configure:4175: result: no
configure:4225: checking for a BSD-compatible install
configure:4293: result: /usr/bin/install -c -o root -g wheel
configure:4306: checking for ANSI C header files
configure:4410: result: yes
configure:4418: checking for sys/wait.h that is POSIX.1 compatible
configure:4444: clang -c -Wno-error -march=i586 -DHAVE_NBCOMPAT_H=1 -I/usr/src/pkgsrc/work/devel/bmake/work/libnbcompat conftest.c >&5
configure:4444: $? = 0
configure:4451: result: yes
configure:4462: checking for dirent.h that defines DIR
configure:4481: clang -c -Wno-error -march=i586 -DHAVE_NBCOMPAT_H=1 -I/usr/src/pkgsrc/work/devel/bmake/work/libnbcompat conftest.c >&5
configure:4481: $? = 0
configure:4489: result: yes
configure:4502: checking for library containing opendir
configure:: clang -o conftest -Wno-error -march=i586 -DHAVE_NBCOMPAT_H=1 -I/usr/src/pkgsrc/work/devel/bmake/work/libnbcompat -L/usr/src/pkgsrc/work/devel/bmake/work/libnbcompat -Wl,-rpath,/usr/pkg/lib conftest.c -lnbcompat >&5
configure:: $? = 0
configure:4550: result: none required
configure:4635: checking ar.h usability
configure:4635: clang -c -Wno-error -march=i586 -DHAVE_NBCOMPAT_H=1 -I/usr/src/pkgsrc/work/devel/bmake/work/libnbcompat conftest.c >&5
configure:4635: $? = 0
configure:4635: result: yes
configure:4635: checking ar.h presence
configure:4635: clang -E -DHAVE_NBCOMPAT_H=1 -I/usr/src/pkgsrc/work/devel/bmake/work/libnbcompat conftest.c
configure:4635: $? = 0
configure:4635: result: yes
configure:4635: checking for ar.h
configure:4635: result: yes
configure:4635: checking err.h usability
configure:4635: clang -c -Wno-error -march=i586 -DHAVE_NBCOMPAT_H=1 -I/usr/src/pkgsrc/work/devel/bmake/work/libnbcompat conftest.c >&5
configure:4635: $? = 0
configure:4635: result: yes
configure:4635: checking err.h presence
configure:4635: clang -E -DHAVE_NBCOMPAT_H=1 -I/usr/src/pkgsrc/work/devel/bmake/work/libnbcompat conftest.c
configure:4635: $? = 0
configure:4635: result: yes
configure:4635: checking for err.h
configure:4635: result: yes
configure:4635: checking fcntl.h usability
configure:4635: clang -c -Wno-error -march=i586 -DHAVE_NBCOMPAT_H=1 -I/usr/src/pkgsrc/work/devel/bmake/work/libnbcompat conftest.c >&5
configure:4635: $? = 0
configure:4635: result: yes
configure:4635: checking fcntl.h presence
configure:4635: clang -E -DHAVE_NBCOMPAT_H=1 -I/usr/src/pkgsrc/work/devel/bmake/work/libnbcompat conftest.c
configure:4635: $? = 0
configure:4635: result: yes
configure:4635: checking for fcntl.h
configure:4635: result: yes
configure:4635: checking paths.h usability
configure:4635: clang -c -Wno-error -march=i586 -DHAVE_NBCOMPAT_H=1 -I/usr/src/pkgsrc/work/devel/bmake/work/libnbcompat conftest.c >&5
configure:4635: $? = 0
configure:4635: result: yes
configure:4635: checking paths.h presence
configure:4635: clang -E -DHAVE_NBCOMPAT_H=1 -I/usr/src/pkgsrc/work/devel/bmake/work/libnbcompat conftest.c
configure:4635: $? = 0
configure:4635: result: yes
configure:4635: checking for paths.h
configure:4635: result: yes
configure:4635: checking poll.h usability
configure:4635: clang -c -Wno-error -march=i586 -DHAVE_NBCOMPAT_H=1 -I/usr/src/pkgsrc/work/devel/bmake/work/libnbcompat conftest.c >&5
configure:4635: $? = 0
configure:4635: result: yes
configure:4635: checking poll.h presence
configure:4635: clang -E -DHAVE_NBCOMPAT_H=1 -I/usr/src/pkgsrc/work/devel/bmake/work/libnbcompat conftest.c
configure:4635: $? = 0
configure:4635: result: yes
configure:4635: checking for poll.h
configure:4635: result: yes
configure:4635: checking ranlib.h usability
configure:4635: clang -c -Wno-error -march=i586 -DHAVE_NBCOMPAT_H=1 -I/usr/src/pkgsrc/work/devel/bmake/work/libnbcompat conftest.c >&5
configure:4635: $? = 0
configure:4635: result: yes
configure:4635: checking ranlib.h presence
configure:4635: clang -E -DHAVE_NBCOMPAT_H=1 -I/usr/src/pkgsrc/work/devel/bmake/work/libnbcompat conftest.c
configure:4635: $? = 0
configure:4635: result: yes
configure:4635: checking for ranlib.h
configure:4635: result: yes
configure:4635: checking for string.h
configure:4635: result: yes
configure:4635: checking sys/mman.h usability
configure:4635: clang -c -Wno-error -march=i586 -DHAVE_NBCOMPAT_H=1 -I/usr/src/pkgsrc/work/devel/bmake/work/libnbcompat conftest.c >&5
configure:4635: $? = 0
configure:4635: result: yes
configure:4635: checking sys/mman.h presence
configure:4635: clang -E -DHAVE_NBCOMPAT_H=1 -I/usr/src/pkgsrc/work/devel/bmake/work/libnbcompat conftest.c
configure:4635: $? = 0
configure:4635: result: yes
configure:4635: checking for sys/mman.h
configure:4635: result: yes
configure:4635: checking sys/select.h usability
configure:4635: clang -c -Wno-error -march=i586 -DHAVE_NBCOMPAT_H=1 -I/usr/src/pkgsrc/work/devel/bmake/work/libnbcompat conftest.c >&5
configure:4635: $? = 0
configure:4635: result: yes
configure:4635: checking sys/select.h presence
configure:4635: clang -E -DHAVE_NBCOMPAT_H=1 -I/usr/src/pkgsrc/work/devel/bmake/work/libnbcompat conftest.c
configure:4635: $? = 0
configure:4635: result: yes
configure:4635: checking for sys/select.h
configure:4635: result: yes
configure:4635: checking sys/socket.h usability
configure:4635: clang -c -Wno-error -march=i586 -DHAVE_NBCOMPAT_H=1 -I/usr/src/pkgsrc/work/devel/bmake/work/libnbcompat conftest.c >&5
configure:4635: $? = 0
configure:4635: result: yes
configure:4635: checking sys/socket.h presence
configure:4635: clang -E -DHAVE_NBCOMPAT_H=1 -I/usr/src/pkgsrc/work/devel/bmake/work/libnbcompat conftest.c
configure:4635: $? = 0
configure:4635: result: yes
configure:4635: checking for sys/socket.h
configure:4635: result: yes
configure:4635: checking sys/time.h usability
configure:4635: clang -c -Wno-error -march=i586 -DHAVE_NBCOMPAT_H=1 -I/usr/src/pkgsrc/work/devel/bmake/work/libnbcompat conftest.c >&5
configure:4635: $? = 0
configure:4635: result: yes
configure:4635: checking sys/time.h presence
configure:4635: clang -E -DHAVE_NBCOMPAT_H=1 -I/usr/src/pkgsrc/work/devel/bmake/work/libnbcompat conftest.c
configure:4635: $? = 0
configure:4635: result: yes
configure:4635: checking for sys/time.h
configure:4635: result: yes
configure:4635: checking sys/uio.h usability
configure:4635: clang -c -Wno-error -march=i586 -DHAVE_NBCOMPAT_H=1 -I/usr/src/pkgsrc/work/devel/bmake/work/libnbcompat conftest.c >&5
configure:4635: $? = 0
configure:4635: result: yes
configure:4635: checking sys/uio.h presence
configure:4635: clang -E -DHAVE_NBCOMPAT_H=1 -I/usr/src/pkgsrc/work/devel/bmake/work/libnbcompat conftest.c
configure:4635: $? = 0
configure:4635: result: yes
configure:4635: checking for sys/uio.h
configure:4635: result: yes
configure:4635: checking for unistd.h
configure:4635: result: yes
configure:4635: checking utime.h usability
configure:4635: clang -c -Wno-error -march=i586 -DHAVE_NBCOMPAT_H=1 -I/usr/src/pkgsrc/work/devel/bmake/work/libnbcompat conftest.c >&5
configure:4635: $? = 0
configure:4635: result: yes
configure:4635: checking utime.h presence
configure:4635: clang -E -DHAVE_NBCOMPAT_H=1 -I/usr/src/pkgsrc/work/devel/bmake/work/libnbcompat conftest.c
configure:4635: $? = 0
configure:4635: result: yes
configure:4635: checking for utime.h
configure:4635: result: yes
configure:4646: checking sys/cdefs.h usability
configure:4646: clang -c -Wno-error -march=i586 -DHAVE_NBCOMPAT_H=1 -I/usr/src/pkgsrc/work/devel/bmake/work/libnbcompat conftest.c >&5
configure:4646: $? = 0
configure:4646: result: yes
configure:4646: checking sys/cdefs.h presence
configure:4646: clang -E -DHAVE_NBCOMPAT_H=1 -I/usr/src/pkgsrc/work/devel/bmake/work/libnbcompat conftest.c
configure:4646: $? = 0
configure:4646: result: yes
configure:4646: checking for sys/cdefs.h
configure:4646: result: yes
configure:4672: checking for __attribute__
configure:4699: clang -c -Wno-error -march=i586 -DHAVE_NBCOMPAT_H=1 -I/usr/src/pkgsrc/work/devel/bmake/work/libnbcompat conftest.c >&5
conftest.c:51:1: error: function declared in block scope cannot have 'static' storage class
static void foo(void) __attribute__ ((noreturn));
^
conftest.c:55:1: error: function definition is not allowed here
{
^
2 errors generated.
configure:4699: $? = 1
configure: failed program was:
| /* confdefs.h */
| #define PACKAGE_NAME "bmake"
| #define PACKAGE_TARNAME "bmake"
| #define PACKAGE_VERSION "2010505"
| #define PACKAGE_STRING "bmake 2010505"
| #define PACKAGE_BUGREPORT "sjg@NetBSD.org"
| #define PACKAGE_URL ""
| #define STDC_HEADERS 1
| #define HAVE_SYS_TYPES_H 1
| #define HAVE_SYS_STAT_H 1
| #define HAVE_STDLIB_H 1
| #define HAVE_STRING_H 1
| #define HAVE_MEMORY_H 1
| #define HAVE_STRINGS_H 1
| #define HAVE_INTTYPES_H 1
| #define HAVE_STDINT_H 1
| #define HAVE_UNISTD_H 1
| #define _POSIX_SOURCE 1
| #define _POSIX_1_SOURCE 2
| #define _MINIX 1
| #define __EXTENSIONS__ 1
| #define _ALL_SOURCE 1
| #define _GNU_SOURCE 1
| #define _POSIX_PTHREAD_SEMANTICS 1
| #define _TANDEM_SOURCE 1
| #define STDC_HEADERS 1
| #define HAVE_SYS_WAIT_H 1
| #define HAVE_DIRENT_H 1
| #define HAVE_AR_H 1
| #define HAVE_ERR_H 1
| #define HAVE_FCNTL_H 1
| #define HAVE_PATHS_H 1
| #define HAVE_POLL_H 1
| #define HAVE_RANLIB_H 1
| #define HAVE_STRING_H 1
| #define HAVE_SYS_MMAN_H 1
| #define HAVE_SYS_SELECT_H 1
| #define HAVE_SYS_SOCKET_H 1
| #define HAVE_SYS_TIME_H 1
| #define HAVE_SYS_UIO_H 1
| #define HAVE_UNISTD_H 1
| #define HAVE_UTIME_H 1
| /* end confdefs.h.  */
| 
| #include <stdlib.h>
| 
| int
| main ()
| {
| 
| static void foo(void) __attribute__ ((noreturn));
| 
| static void
| foo(void)
| {
|   exit(1);
| }
| 
|   ;
|   return 0;
| }
configure:4712: result: no
configure:4715: checking whether byte ordering is bigendian
configure:4730: clang -c -Wno-error -march=i586 -DHAVE_NBCOMPAT_H=1 -I/usr/src/pkgsrc/work/devel/bmake/work/libnbcompat conftest.c >&5
conftest.c:45:9: error: unknown type name 'not'
               not a universal capable compiler
               ^
conftest.c:45:14: error: expected ';' after top level declarator
               not a universal capable compiler
                    ^
                    ;
2 errors generated.
configure:4730: $? = 1
configure: failed program was:
| /* confdefs.h */
| #define PACKAGE_NAME "bmake"
| #define PACKAGE_TARNAME "bmake"
| #define PACKAGE_VERSION "2010505"
| #define PACKAGE_STRING "bmake 2010505"
| #define PACKAGE_BUGREPORT "sjg@NetBSD.org"
| #define PACKAGE_URL ""
| #define STDC_HEADERS 1
| #define HAVE_SYS_TYPES_H 1
| #define HAVE_SYS_STAT_H 1
| #define HAVE_STDLIB_H 1
| #define HAVE_STRING_H 1
| #define HAVE_MEMORY_H 1
| #define HAVE_STRINGS_H 1
| #define HAVE_INTTYPES_H 1
| #define HAVE_STDINT_H 1
| #define HAVE_UNISTD_H 1
| #define _POSIX_SOURCE 1
| #define _POSIX_1_SOURCE 2
| #define _MINIX 1
| #define __EXTENSIONS__ 1
| #define _ALL_SOURCE 1
| #define _GNU_SOURCE 1
| #define _POSIX_PTHREAD_SEMANTICS 1
| #define _TANDEM_SOURCE 1
| #define STDC_HEADERS 1
| #define HAVE_SYS_WAIT_H 1
| #define HAVE_DIRENT_H 1
| #define HAVE_AR_H 1
| #define HAVE_ERR_H 1
| #define HAVE_FCNTL_H 1
| #define HAVE_PATHS_H 1
| #define HAVE_POLL_H 1
| #define HAVE_RANLIB_H 1
| #define HAVE_STRING_H 1
| #define HAVE_SYS_MMAN_H 1
| #define HAVE_SYS_SELECT_H 1
| #define HAVE_SYS_SOCKET_H 1
| #define HAVE_SYS_TIME_H 1
| #define HAVE_SYS_UIO_H 1
| #define HAVE_UNISTD_H 1
| #define HAVE_UTIME_H 1
| /* end confdefs.h.  */
| #ifndef __APPLE_CC__
| 	       not a universal capable compiler
| 	     #endif
| 	     typedef int dummy;
| 
configure:4775: clang -c -Wno-error -march=i586 -DHAVE_NBCOMPAT_H=1 -I/usr/src/pkgsrc/work/devel/bmake/work/libnbcompat conftest.c >&5
configure:4775: $? = 0
configure:4793: clang -c -Wno-error -march=i586 -DHAVE_NBCOMPAT_H=1 -I/usr/src/pkgsrc/work/devel/bmake/work/libnbcompat conftest.c >&5
conftest.c:51:4: error: use of undeclared identifier 'not'
                 not big endian
                 ^
1 error generated.
configure:4793: $? = 1
configure: failed program was:
| /* confdefs.h */
| #define PACKAGE_NAME "bmake"
| #define PACKAGE_TARNAME "bmake"
| #define PACKAGE_VERSION "2010505"
| #define PACKAGE_STRING "bmake 2010505"
| #define PACKAGE_BUGREPORT "sjg@NetBSD.org"
| #define PACKAGE_URL ""
| #define STDC_HEADERS 1
| #define HAVE_SYS_TYPES_H 1
| #define HAVE_SYS_STAT_H 1
| #define HAVE_STDLIB_H 1
| #define HAVE_STRING_H 1
| #define HAVE_MEMORY_H 1
| #define HAVE_STRINGS_H 1
| #define HAVE_INTTYPES_H 1
| #define HAVE_STDINT_H 1
| #define HAVE_UNISTD_H 1
| #define _POSIX_SOURCE 1
| #define _POSIX_1_SOURCE 2
| #define _MINIX 1
| #define __EXTENSIONS__ 1
| #define _ALL_SOURCE 1
| #define _GNU_SOURCE 1
| #define _POSIX_PTHREAD_SEMANTICS 1
| #define _TANDEM_SOURCE 1
| #define STDC_HEADERS 1
| #define HAVE_SYS_WAIT_H 1
| #define HAVE_DIRENT_H 1
| #define HAVE_AR_H 1
| #define HAVE_ERR_H 1
| #define HAVE_FCNTL_H 1
| #define HAVE_PATHS_H 1
| #define HAVE_POLL_H 1
| #define HAVE_RANLIB_H 1
| #define HAVE_STRING_H 1
| #define HAVE_SYS_MMAN_H 1
| #define HAVE_SYS_SELECT_H 1
| #define HAVE_SYS_SOCKET_H 1
| #define HAVE_SYS_TIME_H 1
| #define HAVE_SYS_UIO_H 1
| #define HAVE_UNISTD_H 1
| #define HAVE_UTIME_H 1
| /* end confdefs.h.  */
| #include <sys/types.h>
| 		#include <sys/param.h>
| 
| int
| main ()
| {
| #if BYTE_ORDER != BIG_ENDIAN
| 		 not big endian
| 		#endif
| 
|   ;
|   return 0;
| }
configure:4921: result: no
configure:4939: checking for an ANSI C-conforming const
configure:5005: clang -c -Wno-error -march=i586 -DHAVE_NBCOMPAT_H=1 -I/usr/src/pkgsrc/work/devel/bmake/work/libnbcompat conftest.c >&5
configure:5005: $? = 0
configure:5012: result: yes
configure:5020: checking for off_t
configure:5020: clang -c -Wno-error -march=i586 -DHAVE_NBCOMPAT_H=1 -I/usr/src/pkgsrc/work/devel/bmake/work/libnbcompat conftest.c >&5
configure:5020: $? = 0
configure:5020: clang -c -Wno-error -march=i586 -DHAVE_NBCOMPAT_H=1 -I/usr/src/pkgsrc/work/devel/bmake/work/libnbcompat conftest.c >&5
conftest.c:80:20: error: expected expression
if (sizeof ((off_t)))
                   ^
1 error generated.
configure:5020: $? = 1
configure: failed program was:
| /* confdefs.h */
| #define PACKAGE_NAME "bmake"
| #define PACKAGE_TARNAME "bmake"
| #define PACKAGE_VERSION "2010505"
| #define PACKAGE_STRING "bmake 2010505"
| #define PACKAGE_BUGREPORT "sjg@NetBSD.org"
| #define PACKAGE_URL ""
| #define STDC_HEADERS 1
| #define HAVE_SYS_TYPES_H 1
| #define HAVE_SYS_STAT_H 1
| #define HAVE_STDLIB_H 1
| #define HAVE_STRING_H 1
| #define HAVE_MEMORY_H 1
| #define HAVE_STRINGS_H 1
| #define HAVE_INTTYPES_H 1
| #define HAVE_STDINT_H 1
| #define HAVE_UNISTD_H 1
| #define _POSIX_SOURCE 1
| #define _POSIX_1_SOURCE 2
| #define _MINIX 1
| #define __EXTENSIONS__ 1
| #define _ALL_SOURCE 1
| #define _GNU_SOURCE 1
| #define _POSIX_PTHREAD_SEMANTICS 1
| #define _TANDEM_SOURCE 1
| #define STDC_HEADERS 1
| #define HAVE_SYS_WAIT_H 1
| #define HAVE_DIRENT_H 1
| #define HAVE_AR_H 1
| #define HAVE_ERR_H 1
| #define HAVE_FCNTL_H 1
| #define HAVE_PATHS_H 1
| #define HAVE_POLL_H 1
| #define HAVE_RANLIB_H 1
| #define HAVE_STRING_H 1
| #define HAVE_SYS_MMAN_H 1
| #define HAVE_SYS_SELECT_H 1
| #define HAVE_SYS_SOCKET_H 1
| #define HAVE_SYS_TIME_H 1
| #define HAVE_SYS_UIO_H 1
| #define HAVE_UNISTD_H 1
| #define HAVE_UTIME_H 1
| /* end confdefs.h.  */
| #include <stdio.h>
| #ifdef HAVE_SYS_TYPES_H
| # include <sys/types.h>
| #endif
| #ifdef HAVE_SYS_STAT_H
| # include <sys/stat.h>
| #endif
| #ifdef STDC_HEADERS
| # include <stdlib.h>
| # include <stddef.h>
| #else
| # ifdef HAVE_STDLIB_H
| #  include <stdlib.h>
| # endif
| #endif
| #ifdef HAVE_STRING_H
| # if !defined STDC_HEADERS && defined HAVE_MEMORY_H
| #  include <memory.h>
| # endif
| # include <string.h>
| #endif
| #ifdef HAVE_STRINGS_H
| # include <strings.h>
| #endif
| #ifdef HAVE_INTTYPES_H
| # include <inttypes.h>
| #endif
| #ifdef HAVE_STDINT_H
| # include <stdint.h>
| #endif
| #ifdef HAVE_UNISTD_H
| # include <unistd.h>
| #endif
| int
| main ()
| {
| if (sizeof ((off_t)))
| 	    return 0;
|   ;
|   return 0;
| }
configure:5020: result: yes
configure:5031: checking for pid_t
configure:5031: clang -c -Wno-error -march=i586 -DHAVE_NBCOMPAT_H=1 -I/usr/src/pkgsrc/work/devel/bmake/work/libnbcompat conftest.c >&5
configure:5031: $? = 0
configure:5031: clang -c -Wno-error -march=i586 -DHAVE_NBCOMPAT_H=1 -I/usr/src/pkgsrc/work/devel/bmake/work/libnbcompat conftest.c >&5
conftest.c:80:20: error: expected expression
if (sizeof ((pid_t)))
                   ^
1 error generated.
configure:5031: $? = 1
configure: failed program was:
| /* confdefs.h */
| #define PACKAGE_NAME "bmake"
| #define PACKAGE_TARNAME "bmake"
| #define PACKAGE_VERSION "2010505"
| #define PACKAGE_STRING "bmake 2010505"
| #define PACKAGE_BUGREPORT "sjg@NetBSD.org"
| #define PACKAGE_URL ""
| #define STDC_HEADERS 1
| #define HAVE_SYS_TYPES_H 1
| #define HAVE_SYS_STAT_H 1
| #define HAVE_STDLIB_H 1
| #define HAVE_STRING_H 1
| #define HAVE_MEMORY_H 1
| #define HAVE_STRINGS_H 1
| #define HAVE_INTTYPES_H 1
| #define HAVE_STDINT_H 1
| #define HAVE_UNISTD_H 1
| #define _POSIX_SOURCE 1
| #define _POSIX_1_SOURCE 2
| #define _MINIX 1
| #define __EXTENSIONS__ 1
| #define _ALL_SOURCE 1
| #define _GNU_SOURCE 1
| #define _POSIX_PTHREAD_SEMANTICS 1
| #define _TANDEM_SOURCE 1
| #define STDC_HEADERS 1
| #define HAVE_SYS_WAIT_H 1
| #define HAVE_DIRENT_H 1
| #define HAVE_AR_H 1
| #define HAVE_ERR_H 1
| #define HAVE_FCNTL_H 1
| #define HAVE_PATHS_H 1
| #define HAVE_POLL_H 1
| #define HAVE_RANLIB_H 1
| #define HAVE_STRING_H 1
| #define HAVE_SYS_MMAN_H 1
| #define HAVE_SYS_SELECT_H 1
| #define HAVE_SYS_SOCKET_H 1
| #define HAVE_SYS_TIME_H 1
| #define HAVE_SYS_UIO_H 1
| #define HAVE_UNISTD_H 1
| #define HAVE_UTIME_H 1
| /* end confdefs.h.  */
| #include <stdio.h>
| #ifdef HAVE_SYS_TYPES_H
| # include <sys/types.h>
| #endif
| #ifdef HAVE_SYS_STAT_H
| # include <sys/stat.h>
| #endif
| #ifdef STDC_HEADERS
| # include <stdlib.h>
| # include <stddef.h>
| #else
| # ifdef HAVE_STDLIB_H
| #  include <stdlib.h>
| # endif
| #endif
| #ifdef HAVE_STRING_H
| # if !defined STDC_HEADERS && defined HAVE_MEMORY_H
| #  include <memory.h>
| # endif
| # include <string.h>
| #endif
| #ifdef HAVE_STRINGS_H
| # include <strings.h>
| #endif
| #ifdef HAVE_INTTYPES_H
| # include <inttypes.h>
| #endif
| #ifdef HAVE_STDINT_H
| # include <stdint.h>
| #endif
| #ifdef HAVE_UNISTD_H
| # include <unistd.h>
| #endif
| int
| main ()
| {
| if (sizeof ((pid_t)))
| 	    return 0;
|   ;
|   return 0;
| }
configure:5031: result: yes
configure:5042: checking for size_t
configure:5042: clang -c -Wno-error -march=i586 -DHAVE_NBCOMPAT_H=1 -I/usr/src/pkgsrc/work/devel/bmake/work/libnbcompat conftest.c >&5
configure:5042: $? = 0
configure:5042: clang -c -Wno-error -march=i586 -DHAVE_NBCOMPAT_H=1 -I/usr/src/pkgsrc/work/devel/bmake/work/libnbcompat conftest.c >&5
conftest.c:80:21: error: expected expression
if (sizeof ((size_t)))
                    ^
1 error generated.
configure:5042: $? = 1
configure: failed program was:
| /* confdefs.h */
| #define PACKAGE_NAME "bmake"
| #define PACKAGE_TARNAME "bmake"
| #define PACKAGE_VERSION "2010505"
| #define PACKAGE_STRING "bmake 2010505"
| #define PACKAGE_BUGREPORT "sjg@NetBSD.org"
| #define PACKAGE_URL ""
| #define STDC_HEADERS 1
| #define HAVE_SYS_TYPES_H 1
| #define HAVE_SYS_STAT_H 1
| #define HAVE_STDLIB_H 1
| #define HAVE_STRING_H 1
| #define HAVE_MEMORY_H 1
| #define HAVE_STRINGS_H 1
| #define HAVE_INTTYPES_H 1
| #define HAVE_STDINT_H 1
| #define HAVE_UNISTD_H 1
| #define _POSIX_SOURCE 1
| #define _POSIX_1_SOURCE 2
| #define _MINIX 1
| #define __EXTENSIONS__ 1
| #define _ALL_SOURCE 1
| #define _GNU_SOURCE 1
| #define _POSIX_PTHREAD_SEMANTICS 1
| #define _TANDEM_SOURCE 1
| #define STDC_HEADERS 1
| #define HAVE_SYS_WAIT_H 1
| #define HAVE_DIRENT_H 1
| #define HAVE_AR_H 1
| #define HAVE_ERR_H 1
| #define HAVE_FCNTL_H 1
| #define HAVE_PATHS_H 1
| #define HAVE_POLL_H 1
| #define HAVE_RANLIB_H 1
| #define HAVE_STRING_H 1
| #define HAVE_SYS_MMAN_H 1
| #define HAVE_SYS_SELECT_H 1
| #define HAVE_SYS_SOCKET_H 1
| #define HAVE_SYS_TIME_H 1
| #define HAVE_SYS_UIO_H 1
| #define HAVE_UNISTD_H 1
| #define HAVE_UTIME_H 1
| /* end confdefs.h.  */
| #include <stdio.h>
| #ifdef HAVE_SYS_TYPES_H
| # include <sys/types.h>
| #endif
| #ifdef HAVE_SYS_STAT_H
| # include <sys/stat.h>
| #endif
| #ifdef STDC_HEADERS
| # include <stdlib.h>
| # include <stddef.h>
| #else
| # ifdef HAVE_STDLIB_H
| #  include <stdlib.h>
| # endif
| #endif
| #ifdef HAVE_STRING_H
| # if !defined STDC_HEADERS && defined HAVE_MEMORY_H
| #  include <memory.h>
| # endif
| # include <string.h>
| #endif
| #ifdef HAVE_STRINGS_H
| # include <strings.h>
| #endif
| #ifdef HAVE_INTTYPES_H
| # include <inttypes.h>
| #endif
| #ifdef HAVE_STDINT_H
| # include <stdint.h>
| #endif
| #ifdef HAVE_UNISTD_H
| # include <unistd.h>
| #endif
| int
| main ()
| {
| if (sizeof ((size_t)))
| 	    return 0;
|   ;
|   return 0;
| }
configure:5042: result: yes
configure:5053: checking whether sys_siglist is declared
configure:5053: clang -c -Wno-error -march=i586 -DHAVE_NBCOMPAT_H=1 -I/usr/src/pkgsrc/work/devel/bmake/work/libnbcompat conftest.c >&5
configure:5053: $? = 0
configure:5053: result: yes
configure:5071: checking whether time.h and sys/time.h may both be included
configure:5091: clang -c -Wno-error -march=i586 -DHAVE_NBCOMPAT_H=1 -I/usr/src/pkgsrc/work/devel/bmake/work/libnbcompat conftest.c >&5
configure:5091: $? = 0
configure:5098: result: yes
configure:5106: checking whether struct tm is in sys/time.h or time.h
configure:5126: clang -c -Wno-error -march=i586 -DHAVE_NBCOMPAT_H=1 -I/usr/src/pkgsrc/work/devel/bmake/work/libnbcompat conftest.c >&5
configure:5126: $? = 0
configure:5133: result: time.h
configure:5142: checking return type of signal handlers
configure:5160: clang -c -Wno-error -march=i586 -DHAVE_NBCOMPAT_H=1 -I/usr/src/pkgsrc/work/devel/bmake/work/libnbcompat conftest.c >&5
conftest.c:52:8: error: indirection requires pointer operand ('void' invalid)
return *(signal (0, 0)) (0) == 1;
       ^~~~~~~~~~~~~~~~~~~~
1 error generated.
configure:5160: $? = 1
configure: failed program was:
| /* confdefs.h */
| #define PACKAGE_NAME "bmake"
| #define PACKAGE_TARNAME "bmake"
| #define PACKAGE_VERSION "2010505"
| #define PACKAGE_STRING "bmake 2010505"
| #define PACKAGE_BUGREPORT "sjg@NetBSD.org"
| #define PACKAGE_URL ""
| #define STDC_HEADERS 1
| #define HAVE_SYS_TYPES_H 1
| #define HAVE_SYS_STAT_H 1
| #define HAVE_STDLIB_H 1
| #define HAVE_STRING_H 1
| #define HAVE_MEMORY_H 1
| #define HAVE_STRINGS_H 1
| #define HAVE_INTTYPES_H 1
| #define HAVE_STDINT_H 1
| #define HAVE_UNISTD_H 1
| #define _POSIX_SOURCE 1
| #define _POSIX_1_SOURCE 2
| #define _MINIX 1
| #define __EXTENSIONS__ 1
| #define _ALL_SOURCE 1
| #define _GNU_SOURCE 1
| #define _POSIX_PTHREAD_SEMANTICS 1
| #define _TANDEM_SOURCE 1
| #define STDC_HEADERS 1
| #define HAVE_SYS_WAIT_H 1
| #define HAVE_DIRENT_H 1
| #define HAVE_AR_H 1
| #define HAVE_ERR_H 1
| #define HAVE_FCNTL_H 1
| #define HAVE_PATHS_H 1
| #define HAVE_POLL_H 1
| #define HAVE_RANLIB_H 1
| #define HAVE_STRING_H 1
| #define HAVE_SYS_MMAN_H 1
| #define HAVE_SYS_SELECT_H 1
| #define HAVE_SYS_SOCKET_H 1
| #define HAVE_SYS_TIME_H 1
| #define HAVE_SYS_UIO_H 1
| #define HAVE_UNISTD_H 1
| #define HAVE_UTIME_H 1
| #define HAVE_DECL_SYS_SIGLIST 1
| #define TIME_WITH_SYS_TIME 1
| /* end confdefs.h.  */
| #include <sys/types.h>
| #include <signal.h>
| 
| int
| main ()
| {
| return *(signal (0, 0)) (0) == 1;
|   ;
|   return 0;
| }
configure:5167: result: void
configure:5177: checking vfork.h usability
configure:5177: clang -c -Wno-error -march=i586 -DHAVE_NBCOMPAT_H=1 -I/usr/src/pkgsrc/work/devel/bmake/work/libnbcompat conftest.c >&5
conftest.c:80:10: fatal error: 'vfork.h' file not found
#include <vfork.h>
         ^
1 error generated.
configure:5177: $? = 1
configure: failed program was:
| /* confdefs.h */
| #define PACKAGE_NAME "bmake"
| #define PACKAGE_TARNAME "bmake"
| #define PACKAGE_VERSION "2010505"
| #define PACKAGE_STRING "bmake 2010505"
| #define PACKAGE_BUGREPORT "sjg@NetBSD.org"
| #define PACKAGE_URL ""
| #define STDC_HEADERS 1
| #define HAVE_SYS_TYPES_H 1
| #define HAVE_SYS_STAT_H 1
| #define HAVE_STDLIB_H 1
| #define HAVE_STRING_H 1
| #define HAVE_MEMORY_H 1
| #define HAVE_STRINGS_H 1
| #define HAVE_INTTYPES_H 1
| #define HAVE_STDINT_H 1
| #define HAVE_UNISTD_H 1
| #define _POSIX_SOURCE 1
| #define _POSIX_1_SOURCE 2
| #define _MINIX 1
| #define __EXTENSIONS__ 1
| #define _ALL_SOURCE 1
| #define _GNU_SOURCE 1
| #define _POSIX_PTHREAD_SEMANTICS 1
| #define _TANDEM_SOURCE 1
| #define STDC_HEADERS 1
| #define HAVE_SYS_WAIT_H 1
| #define HAVE_DIRENT_H 1
| #define HAVE_AR_H 1
| #define HAVE_ERR_H 1
| #define HAVE_FCNTL_H 1
| #define HAVE_PATHS_H 1
| #define HAVE_POLL_H 1
| #define HAVE_RANLIB_H 1
| #define HAVE_STRING_H 1
| #define HAVE_SYS_MMAN_H 1
| #define HAVE_SYS_SELECT_H 1
| #define HAVE_SYS_SOCKET_H 1
| #define HAVE_SYS_TIME_H 1
| #define HAVE_SYS_UIO_H 1
| #define HAVE_UNISTD_H 1
| #define HAVE_UTIME_H 1
| #define HAVE_DECL_SYS_SIGLIST 1
| #define TIME_WITH_SYS_TIME 1
| #define RETSIGTYPE void
| /* end confdefs.h.  */
| #include <stdio.h>
| #ifdef HAVE_SYS_TYPES_H
| # include <sys/types.h>
| #endif
| #ifdef HAVE_SYS_STAT_H
| # include <sys/stat.h>
| #endif
| #ifdef STDC_HEADERS
| # include <stdlib.h>
| # include <stddef.h>
| #else
| # ifdef HAVE_STDLIB_H
| #  include <stdlib.h>
| # endif
| #endif
| #ifdef HAVE_STRING_H
| # if !defined STDC_HEADERS && defined HAVE_MEMORY_H
| #  include <memory.h>
| # endif
| # include <string.h>
| #endif
| #ifdef HAVE_STRINGS_H
| # include <strings.h>
| #endif
| #ifdef HAVE_INTTYPES_H
| # include <inttypes.h>
| #endif
| #ifdef HAVE_STDINT_H
| # include <stdint.h>
| #endif
| #ifdef HAVE_UNISTD_H
| # include <unistd.h>
| #endif
| #include <vfork.h>
configure:5177: result: no
configure:5177: checking vfork.h presence
configure:5177: clang -E -DHAVE_NBCOMPAT_H=1 -I/usr/src/pkgsrc/work/devel/bmake/work/libnbcompat conftest.c
conftest.c:47:10: fatal error: 'vfork.h' file not found
#include <vfork.h>
         ^
1 error generated.
configure:5177: $? = 1
configure: failed program was:
| /* confdefs.h */
| #define PACKAGE_NAME "bmake"
| #define PACKAGE_TARNAME "bmake"
| #define PACKAGE_VERSION "2010505"
| #define PACKAGE_STRING "bmake 2010505"
| #define PACKAGE_BUGREPORT "sjg@NetBSD.org"
| #define PACKAGE_URL ""
| #define STDC_HEADERS 1
| #define HAVE_SYS_TYPES_H 1
| #define HAVE_SYS_STAT_H 1
| #define HAVE_STDLIB_H 1
| #define HAVE_STRING_H 1
| #define HAVE_MEMORY_H 1
| #define HAVE_STRINGS_H 1
| #define HAVE_INTTYPES_H 1
| #define HAVE_STDINT_H 1
| #define HAVE_UNISTD_H 1
| #define _POSIX_SOURCE 1
| #define _POSIX_1_SOURCE 2
| #define _MINIX 1
| #define __EXTENSIONS__ 1
| #define _ALL_SOURCE 1
| #define _GNU_SOURCE 1
| #define _POSIX_PTHREAD_SEMANTICS 1
| #define _TANDEM_SOURCE 1
| #define STDC_HEADERS 1
| #define HAVE_SYS_WAIT_H 1
| #define HAVE_DIRENT_H 1
| #define HAVE_AR_H 1
| #define HAVE_ERR_H 1
| #define HAVE_FCNTL_H 1
| #define HAVE_PATHS_H 1
| #define HAVE_POLL_H 1
| #define HAVE_RANLIB_H 1
| #define HAVE_STRING_H 1
| #define HAVE_SYS_MMAN_H 1
| #define HAVE_SYS_SELECT_H 1
| #define HAVE_SYS_SOCKET_H 1
| #define HAVE_SYS_TIME_H 1
| #define HAVE_SYS_UIO_H 1
| #define HAVE_UNISTD_H 1
| #define HAVE_UTIME_H 1
| #define HAVE_DECL_SYS_SIGLIST 1
| #define TIME_WITH_SYS_TIME 1
| #define RETSIGTYPE void
| /* end confdefs.h.  */
| #include <vfork.h>
configure:5177: result: no
configure:5177: checking for vfork.h
configure:5177: result: no
configure:5190: checking for fork
configure:5190: clang -o conftest -Wno-error -march=i586 -DHAVE_NBCOMPAT_H=1 -I/usr/src/pkgsrc/work/devel/bmake/work/libnbcompat -L/usr/src/pkgsrc/work/devel/bmake/work/libnbcompat -Wl,-rpath,/usr/pkg/lib conftest.c -lnbcompat >&5
configure:5190: $? = 0
configure:5190: result: yes
configure:5190: checking for vfork
configure:5190: clang -o conftest -Wno-error -march=i586 -DHAVE_NBCOMPAT_H=1 -I/usr/src/pkgsrc/work/devel/bmake/work/libnbcompat -L/usr/src/pkgsrc/work/devel/bmake/work/libnbcompat -Wl,-rpath,/usr/pkg/lib conftest.c -lnbcompat >&5
conftest.c:71:6: warning: incompatible redeclaration of library function 'vfork' [-Wincompatible-library-redeclaration]
char vfork ();
     ^
conftest.c:71:6: note: 'vfork' is a builtin with type 'int (void)'
1 warning generated.
configure:5190: $? = 0
configure:5190: result: yes
configure:5200: checking for working fork
configure:: clang -o conftest -Wno-error -march=i586 -DHAVE_NBCOMPAT_H=1 -I/usr/src/pkgsrc/work/devel/bmake/work/libnbcompat -L/usr/src/pkgsrc/work/devel/bmake/work/libnbcompat -Wl,-rpath,/usr/pkg/lib conftest.c -lnbcompat >&5
configure:: $? = 0
configure:: ./conftest
configure:: $? = 0
configure:5232: result: yes
configure:5253: checking for working vfork
configure:5363: result: yes
configure:5390: checking for vprintf
configure:5390: clang -o conftest -Wno-error -march=i586 -DHAVE_NBCOMPAT_H=1 -I/usr/src/pkgsrc/work/devel/bmake/work/libnbcompat -L/usr/src/pkgsrc/work/devel/bmake/work/libnbcompat -Wl,-rpath,/usr/pkg/lib conftest.c -lnbcompat >&5
conftest.c:74:6: warning: incompatible redeclaration of library function 'vprintf' [-Wincompatible-library-redeclaration]
char vprintf ();
     ^
conftest.c:74:6: note: 'vprintf' is a builtin with type 'int (const char *, __builtin_va_list)'
1 warning generated.
configure:5390: $? = 0
configure:5390: result: yes
configure:5396: checking for _doprnt
configure:5396: clang -o conftest -Wno-error -march=i586 -DHAVE_NBCOMPAT_H=1 -I/usr/src/pkgsrc/work/devel/bmake/work/libnbcompat -L/usr/src/pkgsrc/work/devel/bmake/work/libnbcompat -Wl,-rpath,/usr/pkg/lib conftest.c -lnbcompat >&5
/var/tmp/conftest-0e7f0a.o: In function `main':
conftest.c:(.text+0xc): undefined reference to `_doprnt'
clang: error: linker command failed with exit code 1 (use -v to see invocation)
configure:5396: $? = 1
configure: failed program was:
| /* confdefs.h */
| #define PACKAGE_NAME "bmake"
| #define PACKAGE_TARNAME "bmake"
| #define PACKAGE_VERSION "2010505"
| #define PACKAGE_STRING "bmake 2010505"
| #define PACKAGE_BUGREPORT "sjg@NetBSD.org"
| #define PACKAGE_URL ""
| #define STDC_HEADERS 1
| #define HAVE_SYS_TYPES_H 1
| #define HAVE_SYS_STAT_H 1
| #define HAVE_STDLIB_H 1
| #define HAVE_STRING_H 1
| #define HAVE_MEMORY_H 1
| #define HAVE_STRINGS_H 1
| #define HAVE_INTTYPES_H 1
| #define HAVE_STDINT_H 1
| #define HAVE_UNISTD_H 1
| #define _POSIX_SOURCE 1
| #define _POSIX_1_SOURCE 2
| #define _MINIX 1
| #define __EXTENSIONS__ 1
| #define _ALL_SOURCE 1
| #define _GNU_SOURCE 1
| #define _POSIX_PTHREAD_SEMANTICS 1
| #define _TANDEM_SOURCE 1
| #define STDC_HEADERS 1
| #define HAVE_SYS_WAIT_H 1
| #define HAVE_DIRENT_H 1
| #define HAVE_AR_H 1
| #define HAVE_ERR_H 1
| #define HAVE_FCNTL_H 1
| #define HAVE_PATHS_H 1
| #define HAVE_POLL_H 1
| #define HAVE_RANLIB_H 1
| #define HAVE_STRING_H 1
| #define HAVE_SYS_MMAN_H 1
| #define HAVE_SYS_SELECT_H 1
| #define HAVE_SYS_SOCKET_H 1
| #define HAVE_SYS_TIME_H 1
| #define HAVE_SYS_UIO_H 1
| #define HAVE_UNISTD_H 1
| #define HAVE_UTIME_H 1
| #define HAVE_DECL_SYS_SIGLIST 1
| #define TIME_WITH_SYS_TIME 1
| #define RETSIGTYPE void
| #define HAVE_FORK 1
| #define HAVE_VFORK 1
| #define HAVE_WORKING_VFORK 1
| #define HAVE_WORKING_FORK 1
| #define HAVE_VPRINTF 1
| /* end confdefs.h.  */
| /* Define _doprnt to an innocuous variant, in case <limits.h> declares _doprnt.
|    For example, HP-UX 11i <limits.h> declares gettimeofday.  */
| #define _doprnt innocuous__doprnt
| 
| /* System header to define __stub macros and hopefully few prototypes,
|     which can conflict with char _doprnt (); below.
|     Prefer <limits.h> to <assert.h> if __STDC__ is defined, since
|     <limits.h> exists even on freestanding compilers.  */
| 
| #ifdef __STDC__
| # include <limits.h>
| #else
| # include <assert.h>
| #endif
| 
| #undef _doprnt
| 
| /* Override any GCC internal prototype to avoid an error.
|    Use char because int might match the return type of a GCC
|    builtin and then its argument prototype would still apply.  */
| #ifdef __cplusplus
| extern "C"
| #endif
| char _doprnt ();
| /* The GNU C library defines this for functions which it implements
|     to always fail with ENOSYS.  Some functions are actually named
|     something starting with __ and the normal name is an alias.  */
| #if defined __stub__doprnt || defined __stub____doprnt
| choke me
| #endif
| 
| int
| main ()
| {
| return _doprnt ();
|   ;
|   return 0;
| }
configure:5396: result: no
configure:5407: checking for wait3 that fills in rusage
configure:5453: clang -o conftest -Wno-error -march=i586 -DHAVE_NBCOMPAT_H=1 -I/usr/src/pkgsrc/work/devel/bmake/work/libnbcompat -L/usr/src/pkgsrc/work/devel/bmake/work/libnbcompat -Wl,-rpath,/usr/pkg/lib conftest.c -lnbcompat >&5
configure:5453: $? = 0
configure:5453: ./conftest
configure:5453: $? = 1
configure: program exited with status 1
configure: failed program was:
| /* confdefs.h */
| #define PACKAGE_NAME "bmake"
| #define PACKAGE_TARNAME "bmake"
| #define PACKAGE_VERSION "2010505"
| #define PACKAGE_STRING "bmake 2010505"
| #define PACKAGE_BUGREPORT "sjg@NetBSD.org"
| #define PACKAGE_URL ""
| #define STDC_HEADERS 1
| #define HAVE_SYS_TYPES_H 1
| #define HAVE_SYS_STAT_H 1
| #define HAVE_STDLIB_H 1
| #define HAVE_STRING_H 1
| #define HAVE_MEMORY_H 1
| #define HAVE_STRINGS_H 1
| #define HAVE_INTTYPES_H 1
| #define HAVE_STDINT_H 1
| #define HAVE_UNISTD_H 1
| #define _POSIX_SOURCE 1
| #define _POSIX_1_SOURCE 2
| #define _MINIX 1
| #define __EXTENSIONS__ 1
| #define _ALL_SOURCE 1
| #define _GNU_SOURCE 1
| #define _POSIX_PTHREAD_SEMANTICS 1
| #define _TANDEM_SOURCE 1
| #define STDC_HEADERS 1
| #define HAVE_SYS_WAIT_H 1
| #define HAVE_DIRENT_H 1
| #define HAVE_AR_H 1
| #define HAVE_ERR_H 1
| #define HAVE_FCNTL_H 1
| #define HAVE_PATHS_H 1
| #define HAVE_POLL_H 1
| #define HAVE_RANLIB_H 1
| #define HAVE_STRING_H 1
| #define HAVE_SYS_MMAN_H 1
| #define HAVE_SYS_SELECT_H 1
| #define HAVE_SYS_SOCKET_H 1
| #define HAVE_SYS_TIME_H 1
| #define HAVE_SYS_UIO_H 1
| #define HAVE_UNISTD_H 1
| #define HAVE_UTIME_H 1
| #define HAVE_DECL_SYS_SIGLIST 1
| #define TIME_WITH_SYS_TIME 1
| #define RETSIGTYPE void
| #define HAVE_FORK 1
| #define HAVE_VFORK 1
| #define HAVE_WORKING_VFORK 1
| #define HAVE_WORKING_FORK 1
| #define HAVE_VPRINTF 1
| /* end confdefs.h.  */
| #include <stdio.h>
| #ifdef HAVE_SYS_TYPES_H
| # include <sys/types.h>
| #endif
| #ifdef HAVE_SYS_STAT_H
| # include <sys/stat.h>
| #endif
| #ifdef STDC_HEADERS
| # include <stdlib.h>
| # include <stddef.h>
| #else
| # ifdef HAVE_STDLIB_H
| #  include <stdlib.h>
| # endif
| #endif
| #ifdef HAVE_STRING_H
| # if !defined STDC_HEADERS && defined HAVE_MEMORY_H
| #  include <memory.h>
| # endif
| # include <string.h>
| #endif
| #ifdef HAVE_STRINGS_H
| # include <strings.h>
| #endif
| #ifdef HAVE_INTTYPES_H
| # include <inttypes.h>
| #endif
| #ifdef HAVE_STDINT_H
| # include <stdint.h>
| #endif
| #ifdef HAVE_UNISTD_H
| # include <unistd.h>
| #endif
| #include <sys/time.h>
| #include <sys/resource.h>
| #include <sys/wait.h>
| /* HP-UX has wait3 but does not fill in rusage at all.  */
| int
| main ()
| {
|   struct rusage r;
|   int i;
|   /* Use a field that we can force nonzero --
|      voluntary context switches.
|      For systems like NeXT and OSF/1 that don't set it,
|      also use the system CPU time.  And page faults (I/O) for Linux.  */
|   r.ru_nvcsw = 0;
|   r.ru_stime.tv_sec = 0;
|   r.ru_stime.tv_usec = 0;
|   r.ru_majflt = r.ru_minflt = 0;
|   switch (fork ())
|     {
|     case 0: /* Child.  */
|       sleep(1); /* Give up the CPU.  */
|       _exit(0);
|       break;
|     case -1: /* What can we do?  */
|       _exit(0);
|       break;
|     default: /* Parent.  */
|       wait3(&i, 0, &r);
|       /* Avoid "text file busy" from rm on fast HP-UX machines.  */
|       sleep(2);
|       return (r.ru_nvcsw == 0 && r.ru_majflt == 0 && r.ru_minflt == 0
| 	      && r.ru_stime.tv_sec == 0 && r.ru_stime.tv_usec == 0);
|     }
| }
configure:5463: result: no
configure:5503: checking for err
configure:5503: clang -o conftest -Wno-error -march=i586 -DHAVE_NBCOMPAT_H=1 -I/usr/src/pkgsrc/work/devel/bmake/work/libnbcompat -L/usr/src/pkgsrc/work/devel/bmake/work/libnbcompat -Wl,-rpath,/usr/pkg/lib conftest.c -lnbcompat >&5
configure:5503: $? = 0
configure:5503: result: yes
configure:5503: checking for errx
configure:5503: clang -o conftest -Wno-error -march=i586 -DHAVE_NBCOMPAT_H=1 -I/usr/src/pkgsrc/work/devel/bmake/work/libnbcompat -L/usr/src/pkgsrc/work/devel/bmake/work/libnbcompat -Wl,-rpath,/usr/pkg/lib conftest.c -lnbcompat >&5
configure:5503: $? = 0
configure:5503: result: yes
configure:5503: checking for getcwd
configure:5503: clang -o conftest -Wno-error -march=i586 -DHAVE_NBCOMPAT_H=1 -I/usr/src/pkgsrc/work/devel/bmake/work/libnbcompat -L/usr/src/pkgsrc/work/devel/bmake/work/libnbcompat -Wl,-rpath,/usr/pkg/lib conftest.c -lnbcompat >&5
configure:5503: $? = 0
configure:5503: result: yes
configure:5503: checking for getenv
configure:5503: clang -o conftest -Wno-error -march=i586 -DHAVE_NBCOMPAT_H=1 -I/usr/src/pkgsrc/work/devel/bmake/work/libnbcompat -L/usr/src/pkgsrc/work/devel/bmake/work/libnbcompat -Wl,-rpath,/usr/pkg/lib conftest.c -lnbcompat >&5
configure:5503: $? = 0
configure:5503: result: yes
configure:5503: checking for getopt
configure:5503: clang -o conftest -Wno-error -march=i586 -DHAVE_NBCOMPAT_H=1 -I/usr/src/pkgsrc/work/devel/bmake/work/libnbcompat -L/usr/src/pkgsrc/work/devel/bmake/work/libnbcompat -Wl,-rpath,/usr/pkg/lib conftest.c -lnbcompat >&5
configure:5503: $? = 0
configure:5503: result: yes
configure:5503: checking for getwd
configure:5503: clang -o conftest -Wno-error -march=i586 -DHAVE_NBCOMPAT_H=1 -I/usr/src/pkgsrc/work/devel/bmake/work/libnbcompat -L/usr/src/pkgsrc/work/devel/bmake/work/libnbcompat -Wl,-rpath,/usr/pkg/lib conftest.c -lnbcompat >&5
configure:5503: $? = 0
configure:5503: result: yes
configure:5503: checking for killpg
configure:5503: clang -o conftest -Wno-error -march=i586 -DHAVE_NBCOMPAT_H=1 -I/usr/src/pkgsrc/work/devel/bmake/work/libnbcompat -L/usr/src/pkgsrc/work/devel/bmake/work/libnbcompat -Wl,-rpath,/usr/pkg/lib conftest.c -lnbcompat >&5
configure:5503: $? = 0
configure:5503: result: yes
configure:5503: checking for mmap
configure:5503: clang -o conftest -Wno-error -march=i586 -DHAVE_NBCOMPAT_H=1 -I/usr/src/pkgsrc/work/devel/bmake/work/libnbcompat -L/usr/src/pkgsrc/work/devel/bmake/work/libnbcompat -Wl,-rpath,/usr/pkg/lib conftest.c -lnbcompat >&5
configure:5503: $? = 0
configure:5503: result: yes
configure:5503: checking for putenv
configure:5503: clang -o conftest -Wno-error -march=i586 -DHAVE_NBCOMPAT_H=1 -I/usr/src/pkgsrc/work/devel/bmake/work/libnbcompat -L/usr/src/pkgsrc/work/devel/bmake/work/libnbcompat -Wl,-rpath,/usr/pkg/lib conftest.c -lnbcompat >&5
configure:5503: $? = 0
configure:5503: result: yes
configure:5503: checking for select
configure:5503: clang -o conftest -Wno-error -march=i586 -DHAVE_NBCOMPAT_H=1 -I/usr/src/pkgsrc/work/devel/bmake/work/libnbcompat -L/usr/src/pkgsrc/work/devel/bmake/work/libnbcompat -Wl,-rpath,/usr/pkg/lib conftest.c -lnbcompat >&5
configure:5503: $? = 0
configure:5503: result: yes
configure:5503: checking for setenv
configure:5503: clang -o conftest -Wno-error -march=i586 -DHAVE_NBCOMPAT_H=1 -I/usr/src/pkgsrc/work/devel/bmake/work/libnbcompat -L/usr/src/pkgsrc/work/devel/bmake/work/libnbcompat -Wl,-rpath,/usr/pkg/lib conftest.c -lnbcompat >&5
configure:5503: $? = 0
configure:5503: result: yes
configure:5503: checking for setpgid
configure:5503: clang -o conftest -Wno-error -march=i586 -DHAVE_NBCOMPAT_H=1 -I/usr/src/pkgsrc/work/devel/bmake/work/libnbcompat -L/usr/src/pkgsrc/work/devel/bmake/work/libnbcompat -Wl,-rpath,/usr/pkg/lib conftest.c -lnbcompat >&5
configure:5503: $? = 0
configure:5503: result: yes
configure:5503: checking for setrlimit
configure:5503: clang -o conftest -Wno-error -march=i586 -DHAVE_NBCOMPAT_H=1 -I/usr/src/pkgsrc/work/devel/bmake/work/libnbcompat -L/usr/src/pkgsrc/work/devel/bmake/work/libnbcompat -Wl,-rpath,/usr/pkg/lib conftest.c -lnbcompat >&5
configure:5503: $? = 0
configure:5503: result: yes
configure:5503: checking for sigaction
configure:5503: clang -o conftest -Wno-error -march=i586 -DHAVE_NBCOMPAT_H=1 -I/usr/src/pkgsrc/work/devel/bmake/work/libnbcompat -L/usr/src/pkgsrc/work/devel/bmake/work/libnbcompat -Wl,-rpath,/usr/pkg/lib conftest.c -lnbcompat >&5
configure:5503: $? = 0
configure:5503: result: yes
configure:5503: checking for sigvec
configure:5503: clang -o conftest -Wno-error -march=i586 -DHAVE_NBCOMPAT_H=1 -I/usr/src/pkgsrc/work/devel/bmake/work/libnbcompat -L/usr/src/pkgsrc/work/devel/bmake/work/libnbcompat -Wl,-rpath,/usr/pkg/lib conftest.c -lnbcompat >&5
configure:5503: $? = 0
configure:5503: result: yes
configure:5503: checking for snprintf
configure:5503: clang -o conftest -Wno-error -march=i586 -DHAVE_NBCOMPAT_H=1 -I/usr/src/pkgsrc/work/devel/bmake/work/libnbcompat -L/usr/src/pkgsrc/work/devel/bmake/work/libnbcompat -Wl,-rpath,/usr/pkg/lib conftest.c -lnbcompat >&5
conftest.c:90:6: warning: incompatible redeclaration of library function 'snprintf' [-Wincompatible-library-redeclaration]
char snprintf ();
     ^
conftest.c:90:6: note: 'snprintf' is a builtin with type 'int (char *, unsigned int, const char *, ...)'
1 warning generated.
configure:5503: $? = 0
configure:5503: result: yes
configure:5503: checking for strerror
configure:5503: clang -o conftest -Wno-error -march=i586 -DHAVE_NBCOMPAT_H=1 -I/usr/src/pkgsrc/work/devel/bmake/work/libnbcompat -L/usr/src/pkgsrc/work/devel/bmake/work/libnbcompat -Wl,-rpath,/usr/pkg/lib conftest.c -lnbcompat >&5
conftest.c:91:6: warning: incompatible redeclaration of library function 'strerror' [-Wincompatible-library-redeclaration]
char strerror ();
     ^
conftest.c:91:6: note: 'strerror' is a builtin with type 'char *(int)'
1 warning generated.
configure:5503: $? = 0
configure:5503: result: yes
configure:5503: checking for strftime
configure:5503: clang -o conftest -Wno-error -march=i586 -DHAVE_NBCOMPAT_H=1 -I/usr/src/pkgsrc/work/devel/bmake/work/libnbcompat -L/usr/src/pkgsrc/work/devel/bmake/work/libnbcompat -Wl,-rpath,/usr/pkg/lib conftest.c -lnbcompat >&5
configure:5503: $? = 0
configure:5503: result: yes
configure:5503: checking for strsep
configure:5503: clang -o conftest -Wno-error -march=i586 -DHAVE_NBCOMPAT_H=1 -I/usr/src/pkgsrc/work/devel/bmake/work/libnbcompat -L/usr/src/pkgsrc/work/devel/bmake/work/libnbcompat -Wl,-rpath,/usr/pkg/lib conftest.c -lnbcompat >&5
configure:5503: $? = 0
configure:5503: result: yes
configure:5503: checking for strtod
configure:5503: clang -o conftest -Wno-error -march=i586 -DHAVE_NBCOMPAT_H=1 -I/usr/src/pkgsrc/work/devel/bmake/work/libnbcompat -L/usr/src/pkgsrc/work/devel/bmake/work/libnbcompat -Wl,-rpath,/usr/pkg/lib conftest.c -lnbcompat >&5
configure:5503: $? = 0
configure:5503: result: yes
configure:5503: checking for strtol
configure:5503: clang -o conftest -Wno-error -march=i586 -DHAVE_NBCOMPAT_H=1 -I/usr/src/pkgsrc/work/devel/bmake/work/libnbcompat -L/usr/src/pkgsrc/work/devel/bmake/work/libnbcompat -Wl,-rpath,/usr/pkg/lib conftest.c -lnbcompat >&5
configure:5503: $? = 0
configure:5503: result: yes
configure:5503: checking for unsetenv
configure:5503: clang -o conftest -Wno-error -march=i586 -DHAVE_NBCOMPAT_H=1 -I/usr/src/pkgsrc/work/devel/bmake/work/libnbcompat -L/usr/src/pkgsrc/work/devel/bmake/work/libnbcompat -Wl,-rpath,/usr/pkg/lib conftest.c -lnbcompat >&5
configure:5503: $? = 0
configure:5503: result: yes
configure:5503: checking for vsnprintf
configure:5503: clang -o conftest -Wno-error -march=i586 -DHAVE_NBCOMPAT_H=1 -I/usr/src/pkgsrc/work/devel/bmake/work/libnbcompat -L/usr/src/pkgsrc/work/devel/bmake/work/libnbcompat -Wl,-rpath,/usr/pkg/lib conftest.c -lnbcompat >&5
conftest.c:97:6: warning: incompatible redeclaration of library function 'vsnprintf' [-Wincompatible-library-redeclaration]
char vsnprintf ();
     ^
conftest.c:97:6: note: 'vsnprintf' is a builtin with type 'int (char *, unsigned int, const char *, __builtin_va_list)'
1 warning generated.
configure:5503: $? = 0
configure:5503: result: yes
configure:5503: checking for wait3
configure:5503: clang -o conftest -Wno-error -march=i586 -DHAVE_NBCOMPAT_H=1 -I/usr/src/pkgsrc/work/devel/bmake/work/libnbcompat -L/usr/src/pkgsrc/work/devel/bmake/work/libnbcompat -Wl,-rpath,/usr/pkg/lib conftest.c -lnbcompat >&5
configure:5503: $? = 0
configure:5503: result: yes
configure:5503: checking for wait4
configure:5503: clang -o conftest -Wno-error -march=i586 -DHAVE_NBCOMPAT_H=1 -I/usr/src/pkgsrc/work/devel/bmake/work/libnbcompat -L/usr/src/pkgsrc/work/devel/bmake/work/libnbcompat -Wl,-rpath,/usr/pkg/lib conftest.c -lnbcompat >&5
configure:5503: $? = 0
configure:5503: result: yes
configure:5503: checking for waitpid
configure:5503: clang -o conftest -Wno-error -march=i586 -DHAVE_NBCOMPAT_H=1 -I/usr/src/pkgsrc/work/devel/bmake/work/libnbcompat -L/usr/src/pkgsrc/work/devel/bmake/work/libnbcompat -Wl,-rpath,/usr/pkg/lib conftest.c -lnbcompat >&5
configure:5503: $? = 0
configure:5503: result: yes
configure:5503: checking for warn
configure:5503: clang -o conftest -Wno-error -march=i586 -DHAVE_NBCOMPAT_H=1 -I/usr/src/pkgsrc/work/devel/bmake/work/libnbcompat -L/usr/src/pkgsrc/work/devel/bmake/work/libnbcompat -Wl,-rpath,/usr/pkg/lib conftest.c -lnbcompat >&5
configure:5503: $? = 0
configure:5503: result: yes
configure:5503: checking for warnx
configure:5503: clang -o conftest -Wno-error -march=i586 -DHAVE_NBCOMPAT_H=1 -I/usr/src/pkgsrc/work/devel/bmake/work/libnbcompat -L/usr/src/pkgsrc/work/devel/bmake/work/libnbcompat -Wl,-rpath,/usr/pkg/lib conftest.c -lnbcompat >&5
configure:5503: $? = 0
configure:5503: result: yes
configure:5513: checking for getenv
configure:5513: result: yes
configure:5526: checking for realpath
configure:5526: clang -o conftest -Wno-error -march=i586 -DHAVE_NBCOMPAT_H=1 -I/usr/src/pkgsrc/work/devel/bmake/work/libnbcompat -L/usr/src/pkgsrc/work/devel/bmake/work/libnbcompat -Wl,-rpath,/usr/pkg/lib conftest.c -lnbcompat >&5
configure:5526: $? = 0
configure:5526: result: yes
configure:5539: checking for dirname
configure:5539: clang -o conftest -Wno-error -march=i586 -DHAVE_NBCOMPAT_H=1 -I/usr/src/pkgsrc/work/devel/bmake/work/libnbcompat -L/usr/src/pkgsrc/work/devel/bmake/work/libnbcompat -Wl,-rpath,/usr/pkg/lib conftest.c -lnbcompat >&5
configure:5539: $? = 0
configure:5539: result: yes
configure:5552: checking for stresep
configure:5552: clang -o conftest -Wno-error -march=i586 -DHAVE_NBCOMPAT_H=1 -I/usr/src/pkgsrc/work/devel/bmake/work/libnbcompat -L/usr/src/pkgsrc/work/devel/bmake/work/libnbcompat -Wl,-rpath,/usr/pkg/lib conftest.c -lnbcompat >&5
configure:5552: $? = 0
configure:5552: result: yes
configure:5565: checking for strlcpy
configure:5565: clang -o conftest -Wno-error -march=i586 -DHAVE_NBCOMPAT_H=1 -I/usr/src/pkgsrc/work/devel/bmake/work/libnbcompat -L/usr/src/pkgsrc/work/devel/bmake/work/libnbcompat -Wl,-rpath,/usr/pkg/lib conftest.c -lnbcompat >&5
conftest.c:107:6: warning: incompatible redeclaration of library function 'strlcpy' [-Wincompatible-library-redeclaration]
char strlcpy ();
     ^
conftest.c:107:6: note: 'strlcpy' is a builtin with type 'unsigned int (char *, const char *, unsigned int)'
1 warning generated.
configure:5565: $? = 0
configure:5565: result: yes
configure:5580: checking for emalloc in -lutil
configure:5605: clang -o conftest -Wno-error -march=i586 -DHAVE_NBCOMPAT_H=1 -I/usr/src/pkgsrc/work/devel/bmake/work/libnbcompat -L/usr/src/pkgsrc/work/devel/bmake/work/libnbcompat -Wl,-rpath,/usr/pkg/lib conftest.c -lutil  -lnbcompat >&5
configure:5605: $? = 0
configure:5614: result: yes
configure:5617: checking for erealloc in -lutil
configure:5642: clang -o conftest -Wno-error -march=i586 -DHAVE_NBCOMPAT_H=1 -I/usr/src/pkgsrc/work/devel/bmake/work/libnbcompat -L/usr/src/pkgsrc/work/devel/bmake/work/libnbcompat -Wl,-rpath,/usr/pkg/lib conftest.c -lutil  -lnbcompat >&5
configure:5642: $? = 0
configure:5651: result: yes
configure:5654: checking for estrdup in -lutil
configure:5679: clang -o conftest -Wno-error -march=i586 -DHAVE_NBCOMPAT_H=1 -I/usr/src/pkgsrc/work/devel/bmake/work/libnbcompat -L/usr/src/pkgsrc/work/devel/bmake/work/libnbcompat -Wl,-rpath,/usr/pkg/lib conftest.c -lutil  -lnbcompat >&5
configure:5679: $? = 0
configure:5688: result: yes
configure:5691: checking for estrndup in -lutil
configure:5716: clang -o conftest -Wno-error -march=i586 -DHAVE_NBCOMPAT_H=1 -I/usr/src/pkgsrc/work/devel/bmake/work/libnbcompat -L/usr/src/pkgsrc/work/devel/bmake/work/libnbcompat -Wl,-rpath,/usr/pkg/lib conftest.c -lutil  -lnbcompat >&5
configure:5716: $? = 0
configure:5725: result: yes
configure:5739: checking whether stat file-mode macros are broken
configure:5766: clang -c -Wno-error -march=i586 -DHAVE_NBCOMPAT_H=1 -I/usr/src/pkgsrc/work/devel/bmake/work/libnbcompat -DUSE_EMALLOC conftest.c >&5
configure:5766: $? = 0
configure:5773: result: no
configure:5781: checking for struct stat.st_rdev
configure:5781: clang -c -Wno-error -march=i586 -DHAVE_NBCOMPAT_H=1 -I/usr/src/pkgsrc/work/devel/bmake/work/libnbcompat -DUSE_EMALLOC conftest.c >&5
configure:5781: $? = 0
configure:5781: result: yes
configure:6073: creating ./config.status

## ---------------------- ##
## Running config.status. ##
## ---------------------- ##

This file was extended by bmake config.status 2010505, which was
generated by GNU Autoconf 2.69.  Invocation command line was

  CONFIG_FILES    = 
  CONFIG_HEADERS  = 
  CONFIG_LINKS    = 
  CONFIG_COMMANDS = 
  $ ./config.status 

on minix

config.status:886: creating Makefile
config.status:886: creating make-bootstrap.sh
config.status:886: creating unit-tests/Makefile
config.status:886: creating config.h

## ---------------- ##
## Cache variables. ##
## ---------------- ##

ac_cv___attribute__=no
ac_cv_c_bigendian=no
ac_cv_c_compiler_gnu=yes
ac_cv_c_const=yes
ac_cv_env_CC_set=set
ac_cv_env_CC_value=clang
ac_cv_env_CFLAGS_set=set
ac_cv_env_CFLAGS_value='-Wno-error -march=i586'
ac_cv_env_CPPFLAGS_set=set
ac_cv_env_CPPFLAGS_value='-DHAVE_NBCOMPAT_H=1 -I/usr/src/pkgsrc/work/devel/bmake/work/libnbcompat'
ac_cv_env_CPP_set=
ac_cv_env_CPP_value=
ac_cv_env_LDFLAGS_set=set
ac_cv_env_LDFLAGS_value='-L/usr/src/pkgsrc/work/devel/bmake/work/libnbcompat -Wl,-rpath,/usr/pkg/lib'
ac_cv_env_LIBS_set=set
ac_cv_env_LIBS_value=-lnbcompat
ac_cv_env_build_alias_set=set
ac_cv_env_build_alias_value=i386-elf32-minix
ac_cv_env_host_alias_set=set
ac_cv_env_host_alias_value=i386-elf32-minix
ac_cv_env_target_alias_set=
ac_cv_env_target_alias_value=
ac_cv_func__doprnt=no
ac_cv_func_dirname=yes
ac_cv_func_err=yes
ac_cv_func_errx=yes
ac_cv_func_fork=yes
ac_cv_func_fork_works=yes
ac_cv_func_getcwd=yes
ac_cv_func_getenv=yes
ac_cv_func_getopt=yes
ac_cv_func_getwd=yes
ac_cv_func_killpg=yes
ac_cv_func_mmap=yes
ac_cv_func_msync=no
ac_cv_func_putenv=yes
ac_cv_func_realpath=yes
ac_cv_func_select=yes
ac_cv_func_setenv=yes
ac_cv_func_setpgid=yes
ac_cv_func_setrlimit=yes
ac_cv_func_sigaction=yes
ac_cv_func_sigvec=yes
ac_cv_func_snprintf=yes
ac_cv_func_strerror=yes
ac_cv_func_stresep=yes
ac_cv_func_strftime=yes
ac_cv_func_strlcpy=yes
ac_cv_func_strsep=yes
ac_cv_func_strtod=yes
ac_cv_func_strtol=yes
ac_cv_func_unsetenv=yes
ac_cv_func_vfork=yes
ac_cv_func_vfork_works=yes
ac_cv_func_vprintf=yes
ac_cv_func_vsnprintf=yes
ac_cv_func_wait3=yes
ac_cv_func_wait3_rusage=no
ac_cv_func_wait4=yes
ac_cv_func_waitpid=yes
ac_cv_func_warn=yes
ac_cv_func_warnx=yes
ac_cv_have_decl_sys_siglist=yes
ac_cv_header_ar_h=yes
ac_cv_header_dirent_dirent_h=yes
ac_cv_header_err_h=yes
ac_cv_header_fcntl_h=yes
ac_cv_header_inttypes_h=yes
ac_cv_header_memory_h=yes
ac_cv_header_minix_config_h=yes
ac_cv_header_paths_h=yes
ac_cv_header_poll_h=yes
ac_cv_header_ranlib_h=yes
ac_cv_header_stat_broken=no
ac_cv_header_stdc=yes
ac_cv_header_stdint_h=yes
ac_cv_header_stdlib_h=yes
ac_cv_header_string_h=yes
ac_cv_header_strings_h=yes
ac_cv_header_sys_cdefs_h=yes
ac_cv_header_sys_mman_h=yes
ac_cv_header_sys_select_h=yes
ac_cv_header_sys_socket_h=yes
ac_cv_header_sys_stat_h=yes
ac_cv_header_sys_time_h=yes
ac_cv_header_sys_types_h=yes
ac_cv_header_sys_uio_h=yes
ac_cv_header_sys_wait_h=yes
ac_cv_header_time=yes
ac_cv_header_unistd_h=yes
ac_cv_header_utime_h=yes
ac_cv_header_vfork_h=no
ac_cv_lib_util_emalloc=yes
ac_cv_lib_util_erealloc=yes
ac_cv_lib_util_estrdup=yes
ac_cv_lib_util_estrndup=yes
ac_cv_member_struct_stat_st_rdev=yes
ac_cv_objext=o
ac_cv_path_CAT=/bin/cat
ac_cv_path_ECHO=/bin/echo
ac_cv_path_EGREP=/usr/bin/egrep
ac_cv_path_ENV=/usr/bin/env
ac_cv_path_FALSE=/bin/false
ac_cv_path_GREP=/usr/bin/grep
ac_cv_path_TEST=/bin/test
ac_cv_path_TRUE=/bin/true
ac_cv_prog_CC=clang
ac_cv_prog_CPP='clang -E'
ac_cv_prog_cc_c89=
ac_cv_prog_cc_g=yes
ac_cv_prog_gcc_traditional=no
ac_cv_safe_to_define___extensions__=yes
ac_cv_search_opendir='none required'
ac_cv_struct_tm=time.h
ac_cv_type_off_t=yes
ac_cv_type_pid_t=yes
ac_cv_type_signal=void
ac_cv_type_size_t=yes

## ----------------- ##
## Output variables. ##
## ----------------- ##

CC='clang'
CFLAGS='-Wno-error -march=i586'
CPP='clang -E'
CPPFLAGS='-DHAVE_NBCOMPAT_H=1 -I/usr/src/pkgsrc/work/devel/bmake/work/libnbcompat -DUSE_EMALLOC'
DEFS='-DHAVE_CONFIG_H'
ECHO_C=''
ECHO_N='-n'
ECHO_T=''
EGREP='/usr/bin/egrep'
EXEEXT=''
GCC='yes'
GREP='/usr/bin/grep'
INSTALL='/usr/bin/install -c -o root -g wheel'
INSTALL_DATA='/usr/bin/install -c -o root -g wheel -m 644'
INSTALL_PROGRAM='/usr/bin/install -c -s -o root -g wheel -m 755'
INSTALL_SCRIPT='/usr/bin/install -c -o root -g wheel -m 755'
LDFLAGS='-L/usr/src/pkgsrc/work/devel/bmake/work/libnbcompat -Wl,-rpath,/usr/pkg/lib'
LIBOBJS=''
LIBS='-lnbcompat -lutil'
LTLIBOBJS=''
OBJEXT='o'
PACKAGE_BUGREPORT='sjg@NetBSD.org'
PACKAGE_NAME='bmake'
PACKAGE_STRING='bmake 2010505'
PACKAGE_TARNAME='bmake'
PACKAGE_URL=''
PACKAGE_VERSION='2010505'
PATH_SEPARATOR=':'
SHELL='/bin/sh'
ac_ct_CC=''
ac_exe_suffix=''
bindir='${exec_prefix}/bin'
build_alias='i386-elf32-minix'
datadir='${datarootdir}'
datarootdir='${prefix}/share'
default_sys_path='/usr/pkg/share/mk'
diff_u='-u'
docdir='${datarootdir}/doc/${PACKAGE_TARNAME}'
dvidir='${docdir}'
exec_prefix='${prefix}'
filemon_h='no'
force_machine=''
host_alias='i386-elf32-minix'
htmldir='${docdir}'
includedir='${prefix}/include'
infodir='${datarootdir}/info'
libdir='${exec_prefix}/lib'
libexecdir='${exec_prefix}/libexec'
localedir='${datarootdir}/locale'
localstatedir='${prefix}/var'
machine='i386'
machine_arch='i386'
mandir='/usr/pkg/man'
mksrc='mk'
oldincludedir='/usr/include'
pdfdir='${docdir}'
prefix='/usr/pkg'
program_transform_name='s,x,x,'
psdir='${docdir}'
sbindir='${exec_prefix}/sbin'
sharedstatedir='${prefix}/com'
sysconfdir='/usr/pkg/etc'
target_alias=''
use_meta='yes'

## ----------- ##
## confdefs.h. ##
## ----------- ##

/* confdefs.h */
#define PACKAGE_NAME "bmake"
#define PACKAGE_TARNAME "bmake"
#define PACKAGE_VERSION "2010505"
#define PACKAGE_STRING "bmake 2010505"
#define PACKAGE_BUGREPORT "sjg@NetBSD.org"
#define PACKAGE_URL ""
#define STDC_HEADERS 1
#define HAVE_SYS_TYPES_H 1
#define HAVE_SYS_STAT_H 1
#define HAVE_STDLIB_H 1
#define HAVE_STRING_H 1
#define HAVE_MEMORY_H 1
#define HAVE_STRINGS_H 1
#define HAVE_INTTYPES_H 1
#define HAVE_STDINT_H 1
#define HAVE_UNISTD_H 1
#define _POSIX_SOURCE 1
#define _POSIX_1_SOURCE 2
#define _MINIX 1
#define __EXTENSIONS__ 1
#define _ALL_SOURCE 1
#define _GNU_SOURCE 1
#define _POSIX_PTHREAD_SEMANTICS 1
#define _TANDEM_SOURCE 1
#define STDC_HEADERS 1
#define HAVE_SYS_WAIT_H 1
#define HAVE_DIRENT_H 1
#define HAVE_AR_H 1
#define HAVE_ERR_H 1
#define HAVE_FCNTL_H 1
#define HAVE_PATHS_H 1
#define HAVE_POLL_H 1
#define HAVE_RANLIB_H 1
#define HAVE_STRING_H 1
#define HAVE_SYS_MMAN_H 1
#define HAVE_SYS_SELECT_H 1
#define HAVE_SYS_SOCKET_H 1
#define HAVE_SYS_TIME_H 1
#define HAVE_SYS_UIO_H 1
#define HAVE_UNISTD_H 1
#define HAVE_UTIME_H 1
#define HAVE_DECL_SYS_SIGLIST 1
#define TIME_WITH_SYS_TIME 1
#define RETSIGTYPE void
#define HAVE_FORK 1
#define HAVE_VFORK 1
#define HAVE_WORKING_VFORK 1
#define HAVE_WORKING_FORK 1
#define HAVE_VPRINTF 1
#define HAVE_ERR 1
#define HAVE_ERRX 1
#define HAVE_GETCWD 1
#define HAVE_GETENV 1
#define HAVE_GETOPT 1
#define HAVE_GETWD 1
#define HAVE_KILLPG 1
#define HAVE_MMAP 1
#define HAVE_PUTENV 1
#define HAVE_SELECT 1
#define HAVE_SETENV 1
#define HAVE_SETPGID 1
#define HAVE_SETRLIMIT 1
#define HAVE_SIGACTION 1
#define HAVE_SIGVEC 1
#define HAVE_SNPRINTF 1
#define HAVE_STRERROR 1
#define HAVE_STRFTIME 1
#define HAVE_STRSEP 1
#define HAVE_STRTOD 1
#define HAVE_STRTOL 1
#define HAVE_UNSETENV 1
#define HAVE_VSNPRINTF 1
#define HAVE_WAIT3 1
#define HAVE_WAIT4 1
#define HAVE_WAITPID 1
#define HAVE_WARN 1
#define HAVE_WARNX 1
#define HAVE_GETENV 1
#define HAVE_REALPATH 1
#define HAVE_DIRNAME 1
#define HAVE_STRESEP 1
#define HAVE_STRLCPY 1
#define HAVE_STRUCT_STAT_ST_RDEV 1
#define HAVE_ST_RDEV 1

configure: exit 0
